<?xml version="1.0" encoding="UTF-8"?>
<!-- Generated by org.testng.reporters.JUnitXMLReporter -->
<testsuite ignored="0" hostname="MT-9SQN6L3" failures="0" tests="10" name="Default test" time="291.238" errors="0" timestamp="2022-07-30T00:48:59 IST">
  <testcase classname="com.pg.tide.runnable.Runner" name="CalculateSavingsForSwitchingToColdWaterFor10Washes" time="3.608"/>
  <testcase classname="com.pg.tide.runnable.Runner" name="CustomStainCheck" time="8.295"/>
  <testcase classname="com.pg.tide.runnable.Runner" name="browseByNeedFebreze" time="5.612"/>
  <testcase classname="com.pg.tide.runnable.Runner" name="changeLanguage" time="7.571"/>
  <testcase classname="com.pg.tide.runnable.Runner" name="checkContactUsIframe" time="5.524"/>
  <testcase classname="com.pg.tide.runnable.Runner" name="checkPartCompanies" time="48.21"/>
  <testcase classname="com.pg.tide.runnable.Runner" name="login" time="42.312">
    <skipped/>
  </testcase> <!-- login -->
  <testcase classname="com.pg.tide.runnable.Runner" name="registration" time="45.093">
    <skipped/>
  </testcase> <!-- registration -->
  <testcase classname="com.pg.tide.runnable.Runner" name="searchPodsProduct" time="2.874"/>
  <testcase classname="com.pg.tide.runnable.Runner" name="startChat" time="40.196"/>
</testsuite> <!-- Default test -->
