<?xml version="1.0" encoding="UTF-8"?>
<!-- Generated by org.testng.reporters.JUnitXMLReporter -->
<testsuite ignored="9" hostname="Medge160" failures="0" tests="1" name="Default test" time="11.639" errors="0" timestamp="2022-07-29T05:03:50 GMT+05:30">
  <testcase classname="com.pg.tide.runnable.Runner" name="startChat" time="5.469">
    <skipped/>
  </testcase> <!-- startChat -->
  <testcase classname="com.pg.tide.runnable.Runner" name="registration" time="0.0">
    <ignored/>
  </testcase> <!-- registration -->
  <testcase classname="com.pg.tide.runnable.Runner" name="searchQuery" time="0.0">
    <ignored/>
  </testcase> <!-- searchQuery -->
  <testcase classname="com.pg.tide.runnable.Runner" name="changeLanguage" time="0.0">
    <ignored/>
  </testcase> <!-- changeLanguage -->
  <testcase classname="com.pg.tide.runnable.Runner" name="login" time="0.0">
    <ignored/>
  </testcase> <!-- login -->
  <testcase classname="com.pg.tide.runnable.Runner" name="CalculateSavingsForSwitchingToColdWater" time="0.0">
    <ignored/>
  </testcase> <!-- CalculateSavingsForSwitchingToColdWater -->
  <testcase classname="com.pg.tide.runnable.Runner" name="browseByNeedFebreze" time="0.0">
    <ignored/>
  </testcase> <!-- browseByNeedFebreze -->
  <testcase classname="com.pg.tide.runnable.Runner" name="checkPartCompanies" time="0.0">
    <ignored/>
  </testcase> <!-- checkPartCompanies -->
  <testcase classname="com.pg.tide.runnable.Runner" name="CustomStainCheck" time="0.0">
    <ignored/>
  </testcase> <!-- CustomStainCheck -->
  <testcase classname="com.pg.tide.runnable.Runner" name="checkContactUsIframe" time="0.0">
    <ignored/>
  </testcase> <!-- checkContactUsIframe -->
</testsuite> <!-- Default test -->
