<?xml version="1.0" encoding="UTF-8"?>
<!-- Generated by org.testng.reporters.JUnitXMLReporter -->
<testsuite ignored="0" hostname="Medge160" failures="2" tests="10" name="Test" time="127.335" errors="0" timestamp="2022-07-29T05:07:39 GMT+05:30">
  <testcase classname="com.pg.tide.runnable.Runner" name="CalculateSavingsForSwitchingToColdWater" time="3.278"/>
  <testcase classname="com.pg.tide.runnable.Runner" name="CustomStainCheck" time="3.199"/>
  <testcase classname="com.pg.tide.runnable.Runner" name="browseByNeedFebreze" time="4.564"/>
  <testcase classname="com.pg.tide.runnable.Runner" name="changeLanguage" time="3.582"/>
  <testcase classname="com.pg.tide.runnable.Runner" name="checkContactUsIframe" time="3.936"/>
  <testcase classname="com.pg.tide.runnable.Runner" name="checkPartCompanies" time="25.947"/>
  <testcase classname="com.pg.tide.runnable.Runner" name="login" time="8.386">
    <failure type="java.lang.AssertionError" message="System marked us as spam probably">
      <![CDATA[java.lang.AssertionError: System marked us as spam probably
at com.pg.tide.pageobjects.SignUpNowPGPage.login(SignUpNowPGPage.java:100)
at com.pg.tide.runnable.Runner.login(Runner.java:82)
at java.base/java.util.ArrayList.forEach(ArrayList.java:1511)
... Removed 26 stack frames]]>
    </failure>
  </testcase> <!-- login -->
  <testcase classname="com.pg.tide.runnable.Runner" name="registration" time="8.137">
    <failure type="java.lang.AssertionError" message="User already registered">
      <![CDATA[java.lang.AssertionError: User already registered
at com.pg.tide.pageobjects.SignUpNowPGPage.signUp(SignUpNowPGPage.java:44)
at com.pg.tide.runnable.Runner.registration(Runner.java:65)
at java.base/java.util.ArrayList.forEach(ArrayList.java:1511)
... Removed 26 stack frames]]>
    </failure>
  </testcase> <!-- registration -->
  <testcase classname="com.pg.tide.runnable.Runner" name="searchQuery" time="2.555"/>
  <testcase classname="com.pg.tide.runnable.Runner" name="startChat" time="5.138">
    <skipped/>
  </testcase> <!-- startChat -->
</testsuite> <!-- Test -->
