<?xml version="1.0" encoding="UTF-8"?>
<testng-results ignored="9" total="10" passed="1" failed="0" skipped="0">
  <reporter-output>
  </reporter-output>
  <suite started-at="2022-07-29T16:31:50 GMT+05:30" name="Default suite" finished-at="2022-07-29T16:32:45 GMT+05:30" duration-ms="55278">
    <groups>
    </groups>
    <test started-at="2022-07-29T16:31:50 GMT+05:30" name="Default test" finished-at="2022-07-29T16:32:45 GMT+05:30" duration-ms="55278">
      <class name="com.pg.tide.runnable.Runner">
        <test-method is-config="true" signature="beforeTest()[pri:0, instance:com.pg.tide.runnable.Runner@6ca320ab]" started-at="2022-07-29T16:31:50 GMT+05:30" name="beforeTest" finished-at="2022-07-29T16:31:50 GMT+05:30" duration-ms="14" status="PASS">
          <reporter-output>
          </reporter-output>
        </test-method> <!-- beforeTest -->
        <test-method is-config="true" signature="initializer()[pri:0, instance:com.pg.tide.runnable.Runner@6ca320ab]" started-at="2022-07-29T16:31:50 GMT+05:30" name="initializer" finished-at="2022-07-29T16:31:58 GMT+05:30" duration-ms="7400" status="PASS">
          <reporter-output>
          </reporter-output>
        </test-method> <!-- initializer -->
        <test-method signature="checkPartCompanies()[pri:0, instance:com.pg.tide.runnable.Runner@6ca320ab]" started-at="2022-07-29T16:31:58 GMT+05:30" name="checkPartCompanies" finished-at="2022-07-29T16:32:44 GMT+05:30" duration-ms="46722" status="PASS">
          <reporter-output>
          </reporter-output>
        </test-method> <!-- checkPartCompanies -->
        <test-method is-config="true" signature="tearDown(org.testng.ITestResult)[pri:0, instance:com.pg.tide.runnable.Runner@6ca320ab]" started-at="2022-07-29T16:32:44 GMT+05:30" name="tearDown" finished-at="2022-07-29T16:32:45 GMT+05:30" duration-ms="1069" status="PASS">
          <params>
            <param index="0">
              <value>
                <![CDATA[[TestResult name=checkPartCompanies status=SUCCESS method=Runner.checkPartCompanies()[pri:0, instance:com.pg.tide.runnable.Runner@6ca320ab] output={null}]]]>
              </value>
            </param>
          </params>
          <reporter-output>
          </reporter-output>
        </test-method> <!-- tearDown -->
        <test-method is-config="true" signature="afterTest()[pri:0, instance:com.pg.tide.runnable.Runner@6ca320ab]" started-at="2022-07-29T16:32:45 GMT+05:30" name="afterTest" finished-at="2022-07-29T16:32:45 GMT+05:30" duration-ms="1" status="PASS">
          <reporter-output>
          </reporter-output>
        </test-method> <!-- afterTest -->
      </class> <!-- com.pg.tide.runnable.Runner -->
    </test> <!-- Default test -->
  </suite> <!-- Default suite -->
</testng-results>
